# JRE version: OpenJDK Runtime Environment Temurin-21.0.6+7 (21.0.6+7) (build 21.0.6+7-LTS)
# Java VM: OpenJDK 64-Bit Server VM Temurin-21.0.6+7 (21.0.6+7-LTS, mixed mode, sharing, tiered, compressed oops, compressed class ptrs, g1 gc, windows-amd64)
GC Precious Log:
 CardTable entry size: 512
 Card Set container configuration: InlinePtr #cards 4 size 8 Array Of Cards #cards 16 size 48 Howl #buckets 8 coarsen threshold 3686 Howl Bitmap #cards 512 size 80 coarsen threshold 460 Card regions per heap region 1 cards per card region 4096
 CPUs: 8 total, 8 available
 Memory: 16118M
 Large Page Support: Disabled
 NUMA Support: Disabled
 Compressed Oops: Enabled (Zero based)
 Heap Region Size: 2M
 Heap Min Capacity: 8M
 Heap Initial Capacity: 252M
 Heap Max Capacity: 4030M
 Pre-touch: Disabled
 Parallel Workers: 8
 Concurrent Workers: 2
 Concurrent Refinement Workers: 8
 Periodic GC: Disabled
Heap:
 garbage-first heap   total 75776K, used 45690K [0x0000000704200000, 0x0000000800000000)
  region size 2048K, 13 young (26624K), 2 survivors (4096K)
 Metaspace       used 61417K, committed 61952K, reserved 1114112K
  class space    used 7549K, committed 7808K, reserved 1048576K
GC Heap History (20 events):
Event: 4.620 GC heap before
{Heap before GC invocations=12 (full 0):
 garbage-first heap   total 65536K, used 52976K [0x0000000704200000, 0x0000000800000000)
  region size 2048K, 19 young (38912K), 2 survivors (4096K)
 Metaspace       used 43937K, committed 44352K, reserved 1114112K
  class space    used 5451K, committed 5632K, reserved 1048576K
}
Event: 4.625 GC heap after
{Heap after GC invocations=13 (full 0):
 garbage-first heap   total 65536K, used 18600K [0x0000000704200000, 0x0000000800000000)
  region size 2048K, 2 young (4096K), 2 survivors (4096K)
 Metaspace       used 43937K, committed 44352K, reserved 1114112K
  class space    used 5451K, committed 5632K, reserved 1048576K
}
Event: 4.919 GC heap before
{Heap before GC invocations=13 (full 0):
 garbage-first heap   total 65536K, used 53416K [0x0000000704200000, 0x0000000800000000)
  region size 2048K, 19 young (38912K), 2 survivors (4096K)
 Metaspace       used 47225K, committed 47616K, reserved 1114112K
  class space    used 6032K, committed 6208K, reserved 1048576K
}
Event: 4.923 GC heap after
{Heap after GC invocations=14 (full 0):
 garbage-first heap   total 79872K, used 19187K [0x0000000704200000, 0x0000000800000000)
  region size 2048K, 2 young (4096K), 2 survivors (4096K)
 Metaspace       used 47225K, committed 47616K, reserved 1114112K
  class space    used 6032K, committed 6208K, reserved 1048576K
}
Event: 5.438 GC heap before
{Heap before GC invocations=14 (full 0):
 garbage-first heap   total 79872K, used 60147K [0x0000000704200000, 0x0000000800000000)
  region size 2048K, 23 young (47104K), 2 survivors (4096K)
 Metaspace       used 50727K, committed 51072K, reserved 1114112K
  class space    used 6464K, committed 6592K, reserved 1048576K
}
Event: 5.442 GC heap after
{Heap after GC invocations=15 (full 0):
 garbage-first heap   total 79872K, used 21667K [0x0000000704200000, 0x0000000800000000)
  region size 2048K, 3 young (6144K), 3 survivors (6144K)
 Metaspace       used 50727K, committed 51072K, reserved 1114112K
  class space    used 6464K, committed 6592K, reserved 1048576K
}
Event: 30.710 GC heap before
{Heap before GC invocations=15 (full 0):
 garbage-first heap   total 79872K, used 62627K [0x0000000704200000, 0x0000000800000000)
  region size 2048K, 23 young (47104K), 3 survivors (6144K)
 Metaspace       used 54207K, committed 54592K, reserved 1114112K
  class space    used 6898K, committed 7104K, reserved 1048576K
}
Event: 30.722 GC heap after
{Heap after GC invocations=16 (full 0):
 garbage-first heap   total 79872K, used 23771K [0x0000000704200000, 0x0000000800000000)
  region size 2048K, 3 young (6144K), 3 survivors (6144K)
 Metaspace       used 54207K, committed 54592K, reserved 1114112K
  class space    used 6898K, committed 7104K, reserved 1048576K
}
Event: 373.232 GC heap before
{Heap before GC invocations=16 (full 0):
 garbage-first heap   total 79872K, used 52443K [0x0000000704200000, 0x0000000800000000)
  region size 2048K, 19 young (38912K), 3 survivors (6144K)
 Metaspace       used 57485K, committed 57920K, reserved 1114112K
  class space    used 7248K, committed 7488K, reserved 1048576K
}
Event: 373.287 GC heap after
{Heap after GC invocations=17 (full 1):
 garbage-first heap   total 75776K, used 20168K [0x0000000704200000, 0x0000000800000000)
  region size 2048K, 0 young (0K), 0 survivors (0K)
 Metaspace       used 57485K, committed 57920K, reserved 1114112K
  class space    used 7248K, committed 7488K, reserved 1048576K
}
Event: 374.123 GC heap before
{Heap before GC invocations=17 (full 1):
 garbage-first heap   total 75776K, used 63176K [0x0000000704200000, 0x0000000800000000)
  region size 2048K, 22 young (45056K), 0 survivors (0K)
 Metaspace       used 57923K, committed 58368K, reserved 1114112K
  class space    used 7270K, committed 7488K, reserved 1048576K
}
Event: 374.127 GC heap after
{Heap after GC invocations=18 (full 1):
 garbage-first heap   total 75776K, used 24233K [0x0000000704200000, 0x0000000800000000)
  region size 2048K, 2 young (4096K), 2 survivors (4096K)
 Metaspace       used 57923K, committed 58368K, reserved 1114112K
  class space    used 7270K, committed 7488K, reserved 1048576K
}
Event: 376.934 GC heap before
{Heap before GC invocations=18 (full 1):
 garbage-first heap   total 75776K, used 36521K [0x0000000704200000, 0x0000000800000000)
  region size 2048K, 9 young (18432K), 2 survivors (4096K)
 Metaspace       used 58102K, committed 58624K, reserved 1114112K
  class space    used 7273K, committed 7488K, reserved 1048576K
}
Event: 376.980 GC heap after
{Heap after GC invocations=19 (full 2):
 garbage-first heap   total 75776K, used 20193K [0x0000000704200000, 0x0000000800000000)
  region size 2048K, 0 young (0K), 0 survivors (0K)
 Metaspace       used 58102K, committed 58624K, reserved 1114112K
  class space    used 7273K, committed 7488K, reserved 1048576K
}
Event: 377.706 GC heap before
{Heap before GC invocations=19 (full 2):
 garbage-first heap   total 75776K, used 65249K [0x0000000704200000, 0x0000000800000000)
  region size 2048K, 22 young (45056K), 0 survivors (0K)
 Metaspace       used 60044K, committed 60544K, reserved 1114112K
  class space    used 7475K, committed 7680K, reserved 1048576K
}
Event: 377.709 GC heap after
{Heap after GC invocations=20 (full 2):
 garbage-first heap   total 75776K, used 23039K [0x0000000704200000, 0x0000000800000000)
  region size 2048K, 2 young (4096K), 2 survivors (4096K)
 Metaspace       used 60044K, committed 60544K, reserved 1114112K
  class space    used 7475K, committed 7680K, reserved 1048576K
}
Event: 379.536 GC heap before
{Heap before GC invocations=20 (full 2):
 garbage-first heap   total 75776K, used 51711K [0x0000000704200000, 0x0000000800000000)
  region size 2048K, 17 young (34816K), 2 survivors (4096K)
 Metaspace       used 60637K, committed 61120K, reserved 1114112K
  class space    used 7499K, committed 7744K, reserved 1048576K
}
Event: 379.585 GC heap after
{Heap after GC invocations=21 (full 3):
 garbage-first heap   total 75776K, used 21282K [0x0000000704200000, 0x0000000800000000)
  region size 2048K, 0 young (0K), 0 survivors (0K)
 Metaspace       used 60634K, committed 61120K, reserved 1114112K
  class space    used 7498K, committed 7744K, reserved 1048576K
}
Event: 380.185 GC heap before
{Heap before GC invocations=21 (full 3):
 garbage-first heap   total 75776K, used 62242K [0x0000000704200000, 0x0000000800000000)
  region size 2048K, 21 young (43008K), 0 survivors (0K)
 Metaspace       used 61095K, committed 61568K, reserved 1114112K
  class space    used 7519K, committed 7744K, reserved 1048576K
}
Event: 380.188 GC heap after
{Heap after GC invocations=22 (full 3):
 garbage-first heap   total 75776K, used 25210K [0x0000000704200000, 0x0000000800000000)
  region size 2048K, 2 young (4096K), 2 survivors (4096K)
 Metaspace       used 61095K, committed 61568K, reserved 1114112K
  class space    used 7519K, committed 7744K, reserved 1048576K
}

